<?xml version="1.0" encoding="UTF-8"?>
<TestRun id="9c6867bb-ab27-40fa-9ee5-a555048ce0a9" name="DELL@WIN-4NV7VH2ITV9 2018-07-31 22:07:45" runUser="WIN-4NV7VH2ITV9\DELL" xmlns="http://microsoft.com/schemas/VisualStudio/TeamTest/2010">
  <TestSettings name="Default Test Settings" id="89113100-1c7f-43e2-8080-0991f39421fb">
    <Deployment runDeploymentRoot="DELL_WIN-4NV7VH2ITV9 2018-07-31 22_07_45">
      <DeploymentItem filename="C:\Project\work\EvolentExercise\ContactApp\packages\Unity.5.8.6\lib\net40\Unity.Abstractions.dll" />
      <DeploymentItem filename="C:\Project\work\EvolentExercise\ContactApp\packages\Microsoft.Net.Http.2.0.20710.0\lib\net40\System.Net.Http.WebRequest.dll" />
      <DeploymentItem filename="C:\Project\work\EvolentExercise\ContactApp\packages\Unity.5.8.6\lib\net40\Unity.ServiceLocation.dll" />
      <DeploymentItem filename="C:\Project\work\EvolentExercise\ContactApp\packages\Microsoft.AspNet.WebApi.Core.4.0.20710.0\lib\net40\System.Web.Http.dll" />
      <DeploymentItem filename="C:\Project\work\EvolentExercise\ContactApp\packages\Microsoft.AspNet.WebApi.Client.4.0.20710.0\lib\net40\System.Net.Http.Formatting.dll" />
      <DeploymentItem filename="C:\Project\work\EvolentExercise\ContactApp\packages\Microsoft.AspNet.Razor.2.0.20710.0\lib\net40\System.Web.Razor.dll" />
      <DeploymentItem filename="C:\Project\work\EvolentExercise\ContactApp\packages\Unity.5.8.6\lib\net40\Unity.Interception.dll" />
      <DeploymentItem filename="C:\Project\work\EvolentExercise\ContactApp\packages\Microsoft.Net.Http.2.0.20710.0\lib\net40\System.Net.Http.dll" />
      <DeploymentItem filename="C:\Project\work\EvolentExercise\ContactApp\packages\Unity.5.8.6\lib\net40\Unity.Container.dll" />
      <DeploymentItem filename="C:\Project\work\EvolentExercise\ContactApp\packages\Microsoft.AspNet.WebPages.2.0.20710.0\lib\net40\System.Web.WebPages.Razor.dll" />
      <DeploymentItem filename="C:\Project\work\EvolentExercise\ContactApp\ContactApp\bin\ContactApp.dll" />
      <DeploymentItem filename="C:\Project\work\EvolentExercise\ContactApp\packages\Newtonsoft.Json.4.5.6\lib\net40\Newtonsoft.Json.dll" />
      <DeploymentItem filename="C:\Project\work\EvolentExercise\ContactApp\packages\Unity.5.8.6\lib\net40\CommonServiceLocator.dll" />
      <DeploymentItem filename="C:\Project\work\EvolentExercise\ContactApp\packages\Microsoft.Web.Infrastructure.1.0.0.0\lib\net40\Microsoft.Web.Infrastructure.dll" />
      <DeploymentItem filename="C:\Project\work\EvolentExercise\ContactApp\packages\Microsoft.AspNet.WebApi.WebHost.4.0.20710.0\lib\net40\System.Web.Http.WebHost.dll" />
      <DeploymentItem filename="C:\Project\work\EvolentExercise\ContactApp\packages\Microsoft.AspNet.WebPages.2.0.20710.0\lib\net40\System.Web.WebPages.Deployment.dll" />
      <DeploymentItem filename="C:\Project\work\EvolentExercise\ContactApp\packages\Microsoft.AspNet.Mvc.4.0.20710.0\lib\net40\System.Web.Mvc.dll" />
      <DeploymentItem filename="C:\Project\work\EvolentExercise\ContactApp\packages\Microsoft.AspNet.WebPages.2.0.20710.0\lib\net40\System.Web.WebPages.dll" />
      <DeploymentItem filename="C:\Project\work\EvolentExercise\ContactApp\packages\Microsoft.AspNet.WebPages.2.0.20710.0\lib\net40\System.Web.Helpers.dll" />
    </Deployment>
    <Execution>
      <TestTypeSpecific />
      <AgentRule name="Execution Agents">
      </AgentRule>
    </Execution>
  </TestSettings>
  <Times creation="2018-07-31T22:07:45.6342569+05:30" queuing="2018-07-31T22:07:47.2064957+05:30" start="2018-07-31T22:07:47.3936946+05:30" finish="2018-07-31T22:07:50.0836781+05:30" />
  <ResultSummary outcome="Completed">
    <Counters total="4" executed="4" passed="4" error="0" failed="0" timeout="0" aborted="0" inconclusive="0" passedButRunAborted="0" notRunnable="0" notExecuted="0" disconnected="0" warning="0" completed="0" inProgress="0" pending="0" />
  </ResultSummary>
  <TestDefinitions>
    <UnitTest name="Delete" storage="c:\project\work\evolentexercise\contactapp\contactapp.tests\bin\release\contactapp.tests.dll" id="542c1ef6-40f4-96a9-3450-555bdc676174">
      <Execution id="89a05c7a-af18-43f9-b66b-3f388fc363e8" />
      <TestMethod codeBase="C:/Project/work/EvolentExercise/ContactApp/ContactApp.Tests/bin/Release/ContactApp.Tests.DLL" adapterTypeName="Microsoft.VisualStudio.TestTools.TestTypes.Unit.UnitTestAdapter, Microsoft.VisualStudio.QualityTools.Tips.UnitTest.Adapter, Version=10.0.0.0, Culture=neutral, PublicKeyToken=b03f5f7f11d50a3a" className="ContactApp.Tests.Controllers.ContactControllerTest, ContactApp.Tests, Version=1.0.0.0, Culture=neutral, PublicKeyToken=null" name="Delete" />
    </UnitTest>
    <UnitTest name="Edit" storage="c:\project\work\evolentexercise\contactapp\contactapp.tests\bin\release\contactapp.tests.dll" id="2ba2b012-5c89-35af-b04a-885cbbbce0c5">
      <Execution id="86e19395-075c-4e63-8348-eb925b4addcc" />
      <TestMethod codeBase="C:/Project/work/EvolentExercise/ContactApp/ContactApp.Tests/bin/Release/ContactApp.Tests.DLL" adapterTypeName="Microsoft.VisualStudio.TestTools.TestTypes.Unit.UnitTestAdapter, Microsoft.VisualStudio.QualityTools.Tips.UnitTest.Adapter, Version=10.0.0.0, Culture=neutral, PublicKeyToken=b03f5f7f11d50a3a" className="ContactApp.Tests.Controllers.ContactControllerTest, ContactApp.Tests, Version=1.0.0.0, Culture=neutral, PublicKeyToken=null" name="Edit" />
    </UnitTest>
    <UnitTest name="Index" storage="c:\project\work\evolentexercise\contactapp\contactapp.tests\bin\release\contactapp.tests.dll" id="5e0b328a-0b91-ef35-3517-b50b58ccbd4b">
      <Execution id="d8e82549-7406-48d4-bc59-9b929b8b4b00" />
      <TestMethod codeBase="C:/Project/work/EvolentExercise/ContactApp/ContactApp.Tests/bin/Release/ContactApp.Tests.DLL" adapterTypeName="Microsoft.VisualStudio.TestTools.TestTypes.Unit.UnitTestAdapter, Microsoft.VisualStudio.QualityTools.Tips.UnitTest.Adapter, Version=10.0.0.0, Culture=neutral, PublicKeyToken=b03f5f7f11d50a3a" className="ContactApp.Tests.Controllers.ContactControllerTest, ContactApp.Tests, Version=1.0.0.0, Culture=neutral, PublicKeyToken=null" name="Index" />
    </UnitTest>
    <UnitTest name="Create" storage="c:\project\work\evolentexercise\contactapp\contactapp.tests\bin\release\contactapp.tests.dll" id="10f2f6bc-d9fd-f495-f6fb-5620a8f6fcc8">
      <Execution id="67f6fbc7-3a0e-4942-81d6-8ac164f0a30c" />
      <TestMethod codeBase="C:/Project/work/EvolentExercise/ContactApp/ContactApp.Tests/bin/Release/ContactApp.Tests.DLL" adapterTypeName="Microsoft.VisualStudio.TestTools.TestTypes.Unit.UnitTestAdapter, Microsoft.VisualStudio.QualityTools.Tips.UnitTest.Adapter, Version=10.0.0.0, Culture=neutral, PublicKeyToken=b03f5f7f11d50a3a" className="ContactApp.Tests.Controllers.ContactControllerTest, ContactApp.Tests, Version=1.0.0.0, Culture=neutral, PublicKeyToken=null" name="Create" />
    </UnitTest>
  </TestDefinitions>
  <TestLists>
    <TestList name="Results Not in a List" id="8c84fa94-04c1-424b-9868-57a2d4851a1d" />
    <TestList name="All Loaded Results" id="19431567-8539-422a-85d7-44ee4e166bda" />
  </TestLists>
  <TestEntries>
    <TestEntry testId="10f2f6bc-d9fd-f495-f6fb-5620a8f6fcc8" executionId="67f6fbc7-3a0e-4942-81d6-8ac164f0a30c" testListId="8c84fa94-04c1-424b-9868-57a2d4851a1d" />
    <TestEntry testId="2ba2b012-5c89-35af-b04a-885cbbbce0c5" executionId="86e19395-075c-4e63-8348-eb925b4addcc" testListId="8c84fa94-04c1-424b-9868-57a2d4851a1d" />
    <TestEntry testId="542c1ef6-40f4-96a9-3450-555bdc676174" executionId="89a05c7a-af18-43f9-b66b-3f388fc363e8" testListId="8c84fa94-04c1-424b-9868-57a2d4851a1d" />
    <TestEntry testId="5e0b328a-0b91-ef35-3517-b50b58ccbd4b" executionId="d8e82549-7406-48d4-bc59-9b929b8b4b00" testListId="8c84fa94-04c1-424b-9868-57a2d4851a1d" />
  </TestEntries>
  <Results>
    <UnitTestResult executionId="67f6fbc7-3a0e-4942-81d6-8ac164f0a30c" testId="10f2f6bc-d9fd-f495-f6fb-5620a8f6fcc8" testName="Create" computerName="WIN-4NV7VH2ITV9" duration="00:00:01.2568281" startTime="2018-07-31T22:07:47.6277001+05:30" endTime="2018-07-31T22:07:49.4060636+05:30" testType="13cdc9d9-ddb5-4fa4-a97d-d965ccfc6d4b" outcome="Passed" testListId="8c84fa94-04c1-424b-9868-57a2d4851a1d" relativeResultsDirectory="67f6fbc7-3a0e-4942-81d6-8ac164f0a30c">
    </UnitTestResult>
    <UnitTestResult executionId="86e19395-075c-4e63-8348-eb925b4addcc" testId="2ba2b012-5c89-35af-b04a-885cbbbce0c5" testName="Edit" computerName="WIN-4NV7VH2ITV9" duration="00:00:00.0744895" startTime="2018-07-31T22:07:49.4684611+05:30" endTime="2018-07-31T22:07:49.5622316+05:30" testType="13cdc9d9-ddb5-4fa4-a97d-d965ccfc6d4b" outcome="Passed" testListId="8c84fa94-04c1-424b-9868-57a2d4851a1d" relativeResultsDirectory="86e19395-075c-4e63-8348-eb925b4addcc">
    </UnitTestResult>
    <UnitTestResult executionId="89a05c7a-af18-43f9-b66b-3f388fc363e8" testId="542c1ef6-40f4-96a9-3450-555bdc676174" testName="Delete" computerName="WIN-4NV7VH2ITV9" duration="00:00:00.0555361" startTime="2018-07-31T22:07:49.5778955+05:30" endTime="2018-07-31T22:07:49.6403460+05:30" testType="13cdc9d9-ddb5-4fa4-a97d-d965ccfc6d4b" outcome="Passed" testListId="8c84fa94-04c1-424b-9868-57a2d4851a1d" relativeResultsDirectory="89a05c7a-af18-43f9-b66b-3f388fc363e8">
    </UnitTestResult>
    <UnitTestResult executionId="d8e82549-7406-48d4-bc59-9b929b8b4b00" testId="5e0b328a-0b91-ef35-3517-b50b58ccbd4b" testName="Index" computerName="WIN-4NV7VH2ITV9" duration="00:00:00.0281423" startTime="2018-07-31T22:07:49.6403460+05:30" endTime="2018-07-31T22:07:49.6872527+05:30" testType="13cdc9d9-ddb5-4fa4-a97d-d965ccfc6d4b" outcome="Passed" testListId="8c84fa94-04c1-424b-9868-57a2d4851a1d" relativeResultsDirectory="d8e82549-7406-48d4-bc59-9b929b8b4b00">
    </UnitTestResult>
  </Results>
</TestRun>